<?xml version="1.0" encoding="UTF-8"?>
<!-- Generated by org.testng.reporters.JUnitReportReporter -->
<testsuite hostname="LAPTOP-0062FF7B" failures="0" tests="1" name="TestNG.Fb_Login" time="3.475" errors="0" timestamp="2022-07-23T22:42:17 IST" skipped="0">
  <testcase classname="TestNG.Fb_Login" name="TestCase1" time="3.475"/>
  <system-out/>
</testsuite> <!-- TestNG.Fb_Login -->
