<?xml version="1.0" encoding="UTF-8"?>
<!-- Generated by org.testng.reporters.JUnitReportReporter -->
<testsuite hostname="LAPTOP-0062FF7B" failures="0" tests="1" name="TestNG.Create_Page" time="16.576" errors="0" timestamp="2022-07-23T22:42:17 IST" skipped="0">
  <testcase classname="TestNG.Create_Page" name="TestCase3" time="16.576"/>
  <system-out/>
</testsuite> <!-- TestNG.Create_Page -->
