<?xml version="1.0" encoding="UTF-8"?>
<!-- Generated by org.testng.reporters.JUnitReportReporter -->
<testsuite hostname="LAPTOP-0062FF7B" failures="0" tests="1" name="Practice.MyntraApp" time="3.045" errors="0" timestamp="2022-07-29T14:57:12 IST" skipped="0">
  <testcase classname="Practice.MyntraApp" name="demo" time="3.045"/>
  <system-out/>
</testsuite> <!-- Practice.MyntraApp -->
