<?xml version="1.0" encoding="UTF-8"?>
<!-- Generated by org.testng.reporters.JUnitReportReporter -->
<testsuite hostname="LAPTOP-0062FF7B" failures="0" tests="1" name="TestNG.Forgot_pswd" time="7.379" errors="0" timestamp="2022-07-23T22:42:17 IST" skipped="0">
  <testcase classname="TestNG.Forgot_pswd" name="TestCase2" time="7.379"/>
  <system-out/>
</testsuite> <!-- TestNG.Forgot_pswd -->
